19:07:15 **** Incremental Build of configuration Debug for project 28_touch_flash_app ****
make -j16 all 
arm-none-eabi-gcc -o "28_touch_flash_app.elf" @"objects.list"   -mcpu=cortex-m3 -T"F:\CubeIDE\h503_Git\m100-m3-mini-board-stm32f103\examples\28_touch_flash_app\STM32F103VETX_FLASH.ld" --specs=nosys.specs -Wl,-Map="28_touch_flash_app.map" -Wl,--gc-sections -static --specs=nano.specs -mfloat-abi=soft -mthumb -u _printf_float -u _scanf_float -Wl,--start-group -lc -lm -Wl,--end-group
F:/CubeIDE1.14.1/STM32CubeIDE_1.14.1/STM32CubeIDE/plugins/com.st.stm32cube.ide.mcu.externaltools.gnu-tools-for-stm32.11.3.rel1.win32_1.1.100.202309141235/tools/bin/../lib/gcc/arm-none-eabi/11.3.1/../../../../arm-none-eabi/bin/ld.exe: ./BSP/24CXX/24cxx.o: in function `at24cxx_write_one_byte':
F:/CubeIDE/h503_Git/m100-m3-mini-board-stm32f103/examples/28_touch_flash_app/Debug/../BSP/24CXX/24cxx.c:98: undefined reference to `HAL_Delay'
F:/CubeIDE1.14.1/STM32CubeIDE_1.14.1/STM32CubeIDE/plugins/com.st.stm32cube.ide.mcu.externaltools.gnu-tools-for-stm32.11.3.rel1.win32_1.1.100.202309141235/tools/bin/../lib/gcc/arm-none-eabi/11.3.1/../../../../arm-none-eabi/bin/ld.exe: ./BSP/IIC/myiic.o: in function `iic_delay':
F:/CubeIDE/h503_Git/m100-m3-mini-board-stm32f103/examples/28_touch_flash_app/Debug/../BSP/IIC/myiic.c:40: undefined reference to `HAL_Delay'
F:/CubeIDE1.14.1/STM32CubeIDE_1.14.1/STM32CubeIDE/plugins/com.st.stm32cube.ide.mcu.externaltools.gnu-tools-for-stm32.11.3.rel1.win32_1.1.100.202309141235/tools/bin/../lib/gcc/arm-none-eabi/11.3.1/../../../../arm-none-eabi/bin/ld.exe: ./BSP/IIC/myiic.o: in function `iic_start':
F:/CubeIDE/h503_Git/m100-m3-mini-board-stm32f103/examples/28_touch_flash_app/Debug/../BSP/IIC/myiic.c:50: undefined reference to `HAL_GPIO_WritePin'
F:/CubeIDE1.14.1/STM32CubeIDE_1.14.1/STM32CubeIDE/plugins/com.st.stm32cube.ide.mcu.externaltools.gnu-tools-for-stm32.11.3.rel1.win32_1.1.100.202309141235/tools/bin/../lib/gcc/arm-none-eabi/11.3.1/../../../../arm-none-eabi/bin/ld.exe: F:/CubeIDE/h503_Git/m100-m3-mini-board-stm32f103/examples/28_touch_flash_app/Debug/../BSP/IIC/myiic.c:51: undefined reference to `HAL_GPIO_WritePin'
F:/CubeIDE1.14.1/STM32CubeIDE_1.14.1/STM32CubeIDE/plugins/com.st.stm32cube.ide.mcu.externaltools.gnu-tools-for-stm32.11.3.rel1.win32_1.1.100.202309141235/tools/bin/../lib/gcc/arm-none-eabi/11.3.1/../../../../arm-none-eabi/bin/ld.exe: F:/CubeIDE/h503_Git/m100-m3-mini-board-stm32f103/examples/28_touch_flash_app/Debug/../BSP/IIC/myiic.c:53: undefined reference to `HAL_GPIO_WritePin'
F:/CubeIDE1.14.1/STM32CubeIDE_1.14.1/STM32CubeIDE/plugins/com.st.stm32cube.ide.mcu.externaltools.gnu-tools-for-stm32.11.3.rel1.win32_1.1.100.202309141235/tools/bin/../lib/gcc/arm-none-eabi/11.3.1/../../../../arm-none-eabi/bin/ld.exe: F:/CubeIDE/h503_Git/m100-m3-mini-board-stm32f103/examples/28_touch_flash_app/Debug/../BSP/IIC/myiic.c:55: undefined reference to `HAL_GPIO_WritePin'
F:/CubeIDE1.14.1/STM32CubeIDE_1.14.1/STM32CubeIDE/plugins/com.st.stm32cube.ide.mcu.externaltools.gnu-tools-for-stm32.11.3.rel1.win32_1.1.100.202309141235/tools/bin/../lib/gcc/arm-none-eabi/11.3.1/../../../../arm-none-eabi/bin/ld.exe: ./BSP/IIC/myiic.o: in function `iic_stop':
F:/CubeIDE/h503_Git/m100-m3-mini-board-stm32f103/examples/28_touch_flash_app/Debug/../BSP/IIC/myiic.c:66: undefined reference to `HAL_GPIO_WritePin'
F:/CubeIDE1.14.1/STM32CubeIDE_1.14.1/STM32CubeIDE/plugins/com.st.stm32cube.ide.mcu.externaltools.gnu-tools-for-stm32.11.3.rel1.win32_1.1.100.202309141235/tools/bin/../lib/gcc/arm-none-eabi/11.3.1/../../../../arm-none-eabi/bin/ld.exe: ./BSP/IIC/myiic.o:F:/CubeIDE/h503_Git/m100-m3-mini-board-stm32f103/examples/28_touch_flash_app/Debug/../BSP/IIC/myiic.c:68: more undefined references to `HAL_GPIO_WritePin' follow
F:/CubeIDE1.14.1/STM32CubeIDE_1.14.1/STM32CubeIDE/plugins/com.st.stm32cube.ide.mcu.externaltools.gnu-tools-for-stm32.11.3.rel1.win32_1.1.100.202309141235/tools/bin/../lib/gcc/arm-none-eabi/11.3.1/../../../../arm-none-eabi/bin/ld.exe: ./BSP/IIC/myiic.o: in function `iic_wait_ack':
F:/CubeIDE/h503_Git/m100-m3-mini-board-stm32f103/examples/28_touch_flash_app/Debug/../BSP/IIC/myiic.c:90: undefined reference to `HAL_GPIO_ReadPin'
F:/CubeIDE1.14.1/STM32CubeIDE_1.14.1/STM32CubeIDE/plugins/com.st.stm32cube.ide.mcu.externaltools.gnu-tools-for-stm32.11.3.rel1.win32_1.1.100.202309141235/tools/bin/../lib/gcc/arm-none-eabi/11.3.1/../../../../arm-none-eabi/bin/ld.exe: F:/CubeIDE/h503_Git/m100-m3-mini-board-stm32f103/examples/28_touch_flash_app/Debug/../BSP/IIC/myiic.c:102: undefined reference to `HAL_GPIO_WritePin'
F:/CubeIDE1.14.1/STM32CubeIDE_1.14.1/STM32CubeIDE/plugins/com.st.stm32cube.ide.mcu.externaltools.gnu-tools-for-stm32.11.3.rel1.win32_1.1.100.202309141235/tools/bin/../lib/gcc/arm-none-eabi/11.3.1/../../../../arm-none-eabi/bin/ld.exe: ./BSP/IIC/myiic.o: in function `iic_ack':
F:/CubeIDE/h503_Git/m100-m3-mini-board-stm32f103/examples/28_touch_flash_app/Debug/../BSP/IIC/myiic.c:114: undefined reference to `HAL_GPIO_WritePin'
F:/CubeIDE1.14.1/STM32CubeIDE_1.14.1/STM32CubeIDE/plugins/com.st.stm32cube.ide.mcu.externaltools.gnu-tools-for-stm32.11.3.rel1.win32_1.1.100.202309141235/tools/bin/../lib/gcc/arm-none-eabi/11.3.1/../../../../arm-none-eabi/bin/ld.exe: F:/CubeIDE/h503_Git/m100-m3-mini-board-stm32f103/examples/28_touch_flash_app/Debug/../BSP/IIC/myiic.c:116: undefined reference to `HAL_GPIO_WritePin'
F:/CubeIDE1.14.1/STM32CubeIDE_1.14.1/STM32CubeIDE/plugins/com.st.stm32cube.ide.mcu.externaltools.gnu-tools-for-stm32.11.3.rel1.win32_1.1.100.202309141235/tools/bin/../lib/gcc/arm-none-eabi/11.3.1/../../../../arm-none-eabi/bin/ld.exe: F:/CubeIDE/h503_Git/m100-m3-mini-board-stm32f103/examples/28_touch_flash_app/Debug/../BSP/IIC/myiic.c:118: undefined reference to `HAL_GPIO_WritePin'
F:/CubeIDE1.14.1/STM32CubeIDE_1.14.1/STM32CubeIDE/plugins/com.st.stm32cube.ide.mcu.externaltools.gnu-tools-for-stm32.11.3.rel1.win32_1.1.100.202309141235/tools/bin/../lib/gcc/arm-none-eabi/11.3.1/../../../../arm-none-eabi/bin/ld.exe: F:/CubeIDE/h503_Git/m100-m3-mini-board-stm32f103/examples/28_touch_flash_app/Debug/../BSP/IIC/myiic.c:120: undefined reference to `HAL_GPIO_WritePin'
F:/CubeIDE1.14.1/STM32CubeIDE_1.14.1/STM32CubeIDE/plugins/com.st.stm32cube.ide.mcu.externaltools.gnu-tools-for-stm32.11.3.rel1.win32_1.1.100.202309141235/tools/bin/../lib/gcc/arm-none-eabi/11.3.1/../../../../arm-none-eabi/bin/ld.exe: ./BSP/IIC/myiic.o:F:/CubeIDE/h503_Git/m100-m3-mini-board-stm32f103/examples/28_touch_flash_app/Debug/../BSP/IIC/myiic.c:131: more undefined references to `HAL_GPIO_WritePin' follow
F:/CubeIDE1.14.1/STM32CubeIDE_1.14.1/STM32CubeIDE/plugins/com.st.stm32cube.ide.mcu.externaltools.gnu-tools-for-stm32.11.3.rel1.win32_1.1.100.202309141235/tools/bin/../lib/gcc/arm-none-eabi/11.3.1/../../../../arm-none-eabi/bin/ld.exe: ./BSP/IIC/myiic.o: in function `iic_read_byte':
F:/CubeIDE/h503_Git/m100-m3-mini-board-stm32f103/examples/28_touch_flash_app/Debug/../BSP/IIC/myiic.c:175: undefined reference to `HAL_GPIO_ReadPin'
F:/CubeIDE1.14.1/STM32CubeIDE_1.14.1/STM32CubeIDE/plugins/com.st.stm32cube.ide.mcu.externaltools.gnu-tools-for-stm32.11.3.rel1.win32_1.1.100.202309141235/tools/bin/../lib/gcc/arm-none-eabi/11.3.1/../../../../arm-none-eabi/bin/ld.exe: F:/CubeIDE/h503_Git/m100-m3-mini-board-stm32f103/examples/28_touch_flash_app/Debug/../BSP/IIC/myiic.c:180: undefined reference to `HAL_GPIO_WritePin'
F:/CubeIDE1.14.1/STM32CubeIDE_1.14.1/STM32CubeIDE/plugins/com.st.stm32cube.ide.mcu.externaltools.gnu-tools-for-stm32.11.3.rel1.win32_1.1.100.202309141235/tools/bin/../lib/gcc/arm-none-eabi/11.3.1/../../../../arm-none-eabi/bin/ld.exe: ./BSP/KEY/key.o: in function `key_scan':
F:/CubeIDE/h503_Git/m100-m3-mini-board-stm32f103/examples/28_touch_flash_app/Debug/../BSP/KEY/key.c:44: undefined reference to `HAL_GPIO_ReadPin'
F:/CubeIDE1.14.1/STM32CubeIDE_1.14.1/STM32CubeIDE/plugins/com.st.stm32cube.ide.mcu.externaltools.gnu-tools-for-stm32.11.3.rel1.win32_1.1.100.202309141235/tools/bin/../lib/gcc/arm-none-eabi/11.3.1/../../../../arm-none-eabi/bin/ld.exe: F:/CubeIDE/h503_Git/m100-m3-mini-board-stm32f103/examples/28_touch_flash_app/Debug/../BSP/KEY/key.c:44: undefined reference to `HAL_GPIO_ReadPin'
F:/CubeIDE1.14.1/STM32CubeIDE_1.14.1/STM32CubeIDE/plugins/com.st.stm32cube.ide.mcu.externaltools.gnu-tools-for-stm32.11.3.rel1.win32_1.1.100.202309141235/tools/bin/../lib/gcc/arm-none-eabi/11.3.1/../../../../arm-none-eabi/bin/ld.exe: F:/CubeIDE/h503_Git/m100-m3-mini-board-stm32f103/examples/28_touch_flash_app/Debug/../BSP/KEY/key.c:46: undefined reference to `HAL_Delay'
F:/CubeIDE1.14.1/STM32CubeIDE_1.14.1/STM32CubeIDE/plugins/com.st.stm32cube.ide.mcu.externaltools.gnu-tools-for-stm32.11.3.rel1.win32_1.1.100.202309141235/tools/bin/../lib/gcc/arm-none-eabi/11.3.1/../../../../arm-none-eabi/bin/ld.exe: F:/CubeIDE/h503_Git/m100-m3-mini-board-stm32f103/examples/28_touch_flash_app/Debug/../BSP/KEY/key.c:49: undefined reference to `HAL_GPIO_ReadPin'
F:/CubeIDE1.14.1/STM32CubeIDE_1.14.1/STM32CubeIDE/plugins/com.st.stm32cube.ide.mcu.externaltools.gnu-tools-for-stm32.11.3.rel1.win32_1.1.100.202309141235/tools/bin/../lib/gcc/arm-none-eabi/11.3.1/../../../../arm-none-eabi/bin/ld.exe: F:/CubeIDE/h503_Git/m100-m3-mini-board-stm32f103/examples/28_touch_flash_app/Debug/../BSP/KEY/key.c:54: undefined reference to `HAL_GPIO_ReadPin'
F:/CubeIDE1.14.1/STM32CubeIDE_1.14.1/STM32CubeIDE/plugins/com.st.stm32cube.ide.mcu.externaltools.gnu-tools-for-stm32.11.3.rel1.win32_1.1.100.202309141235/tools/bin/../lib/gcc/arm-none-eabi/11.3.1/../../../../arm-none-eabi/bin/ld.exe: F:/CubeIDE/h503_Git/m100-m3-mini-board-stm32f103/examples/28_touch_flash_app/Debug/../BSP/KEY/key.c:59: undefined reference to `HAL_GPIO_ReadPin'
F:/CubeIDE1.14.1/STM32CubeIDE_1.14.1/STM32CubeIDE/plugins/com.st.stm32cube.ide.mcu.externaltools.gnu-tools-for-stm32.11.3.rel1.win32_1.1.100.202309141235/tools/bin/../lib/gcc/arm-none-eabi/11.3.1/../../../../arm-none-eabi/bin/ld.exe: F:/CubeIDE/h503_Git/m100-m3-mini-board-stm32f103/examples/28_touch_flash_app/Debug/../BSP/KEY/key.c:59: undefined reference to `HAL_GPIO_ReadPin'
F:/CubeIDE1.14.1/STM32CubeIDE_1.14.1/STM32CubeIDE/plugins/com.st.stm32cube.ide.mcu.externaltools.gnu-tools-for-stm32.11.3.rel1.win32_1.1.100.202309141235/tools/bin/../lib/gcc/arm-none-eabi/11.3.1/../../../../arm-none-eabi/bin/ld.exe: ./BSP/LCD/lcd.o: in function `lcd_ex_st7789_reginit':
F:/CubeIDE/h503_Git/m100-m3-mini-board-stm32f103/examples/28_touch_flash_app/Debug/../BSP/LCD/lcd_ex.c:32: undefined reference to `HAL_Delay'
F:/CubeIDE1.14.1/STM32CubeIDE_1.14.1/STM32CubeIDE/plugins/com.st.stm32cube.ide.mcu.externaltools.gnu-tools-for-stm32.11.3.rel1.win32_1.1.100.202309141235/tools/bin/../lib/gcc/arm-none-eabi/11.3.1/../../../../arm-none-eabi/bin/ld.exe: ./BSP/LCD/lcd.o: in function `lcd_ex_ili9341_reginit':
F:/CubeIDE/h503_Git/m100-m3-mini-board-stm32f103/examples/28_touch_flash_app/Debug/../BSP/LCD/lcd_ex.c:219: undefined reference to `HAL_Delay'
F:/CubeIDE1.14.1/STM32CubeIDE_1.14.1/STM32CubeIDE/plugins/com.st.stm32cube.ide.mcu.externaltools.gnu-tools-for-stm32.11.3.rel1.win32_1.1.100.202309141235/tools/bin/../lib/gcc/arm-none-eabi/11.3.1/../../../../arm-none-eabi/bin/ld.exe: ./BSP/LCD/lcd.o: in function `lcd_ex_nt35310_reginit':
F:/CubeIDE/h503_Git/m100-m3-mini-board-stm32f103/examples/28_touch_flash_app/Debug/../BSP/LCD/lcd_ex.c:895: undefined reference to `HAL_Delay'
F:/CubeIDE1.14.1/STM32CubeIDE_1.14.1/STM32CubeIDE/plugins/com.st.stm32cube.ide.mcu.externaltools.gnu-tools-for-stm32.11.3.rel1.win32_1.1.100.202309141235/tools/bin/../lib/gcc/arm-none-eabi/11.3.1/../../../../arm-none-eabi/bin/ld.exe: ./BSP/LCD/lcd.o: in function `lcd_ex_st7796_reginit':
F:/CubeIDE/h503_Git/m100-m3-mini-board-stm32f103/examples/28_touch_flash_app/Debug/../BSP/LCD/lcd_ex.c:918: undefined reference to `HAL_Delay'
F:/CubeIDE1.14.1/STM32CubeIDE_1.14.1/STM32CubeIDE/plugins/com.st.stm32cube.ide.mcu.externaltools.gnu-tools-for-stm32.11.3.rel1.win32_1.1.100.202309141235/tools/bin/../lib/gcc/arm-none-eabi/11.3.1/../../../../arm-none-eabi/bin/ld.exe: F:/CubeIDE/h503_Git/m100-m3-mini-board-stm32f103/examples/28_touch_flash_app/Debug/../BSP/LCD/lcd_ex.c:1007: undefined reference to `HAL_Delay'
F:/CubeIDE1.14.1/STM32CubeIDE_1.14.1/STM32CubeIDE/plugins/com.st.stm32cube.ide.mcu.externaltools.gnu-tools-for-stm32.11.3.rel1.win32_1.1.100.202309141235/tools/bin/../lib/gcc/arm-none-eabi/11.3.1/../../../../arm-none-eabi/bin/ld.exe: ./BSP/LCD/lcd.o:F:/CubeIDE/h503_Git/m100-m3-mini-board-stm32f103/examples/28_touch_flash_app/Debug/../BSP/LCD/lcd_ex.c:1428: more undefined references to `HAL_Delay' follow
F:/CubeIDE1.14.1/STM32CubeIDE_1.14.1/STM32CubeIDE/plugins/com.st.stm32cube.ide.mcu.externaltools.gnu-tools-for-stm32.11.3.rel1.win32_1.1.100.202309141235/tools/bin/../lib/gcc/arm-none-eabi/11.3.1/../../../../arm-none-eabi/bin/ld.exe: ./BSP/LCD/lcd.o: in function `lcd_init':
F:/CubeIDE/h503_Git/m100-m3-mini-board-stm32f103/examples/28_touch_flash_app/Debug/../BSP/LCD/lcd.c:704: undefined reference to `HAL_GPIO_WritePin'
F:/CubeIDE1.14.1/STM32CubeIDE_1.14.1/STM32CubeIDE/plugins/com.st.stm32cube.ide.mcu.externaltools.gnu-tools-for-stm32.11.3.rel1.win32_1.1.100.202309141235/tools/bin/../lib/gcc/arm-none-eabi/11.3.1/../../../../arm-none-eabi/bin/ld.exe: ./BSP/TOUCH/ctiic.o: in function `ct_iic_init':
F:/CubeIDE/h503_Git/m100-m3-mini-board-stm32f103/examples/28_touch_flash_app/Debug/../BSP/TOUCH/ctiic.c:50: undefined reference to `HAL_GPIO_Init'
F:/CubeIDE1.14.1/STM32CubeIDE_1.14.1/STM32CubeIDE/plugins/com.st.stm32cube.ide.mcu.externaltools.gnu-tools-for-stm32.11.3.rel1.win32_1.1.100.202309141235/tools/bin/../lib/gcc/arm-none-eabi/11.3.1/../../../../arm-none-eabi/bin/ld.exe: F:/CubeIDE/h503_Git/m100-m3-mini-board-stm32f103/examples/28_touch_flash_app/Debug/../BSP/TOUCH/ctiic.c:56: undefined reference to `HAL_GPIO_Init'
F:/CubeIDE1.14.1/STM32CubeIDE_1.14.1/STM32CubeIDE/plugins/com.st.stm32cube.ide.mcu.externaltools.gnu-tools-for-stm32.11.3.rel1.win32_1.1.100.202309141235/tools/bin/../lib/gcc/arm-none-eabi/11.3.1/../../../../arm-none-eabi/bin/ld.exe: ./BSP/TOUCH/ctiic.o: in function `ct_iic_start':
F:/CubeIDE/h503_Git/m100-m3-mini-board-stm32f103/examples/28_touch_flash_app/Debug/../BSP/TOUCH/ctiic.c:68: undefined reference to `HAL_GPIO_WritePin'
F:/CubeIDE1.14.1/STM32CubeIDE_1.14.1/STM32CubeIDE/plugins/com.st.stm32cube.ide.mcu.externaltools.gnu-tools-for-stm32.11.3.rel1.win32_1.1.100.202309141235/tools/bin/../lib/gcc/arm-none-eabi/11.3.1/../../../../arm-none-eabi/bin/ld.exe: F:/CubeIDE/h503_Git/m100-m3-mini-board-stm32f103/examples/28_touch_flash_app/Debug/../BSP/TOUCH/ctiic.c:69: undefined reference to `HAL_GPIO_WritePin'
F:/CubeIDE1.14.1/STM32CubeIDE_1.14.1/STM32CubeIDE/plugins/com.st.stm32cube.ide.mcu.externaltools.gnu-tools-for-stm32.11.3.rel1.win32_1.1.100.202309141235/tools/bin/../lib/gcc/arm-none-eabi/11.3.1/../../../../arm-none-eabi/bin/ld.exe: F:/CubeIDE/h503_Git/m100-m3-mini-board-stm32f103/examples/28_touch_flash_app/Debug/../BSP/TOUCH/ctiic.c:71: undefined reference to `HAL_GPIO_WritePin'
F:/CubeIDE1.14.1/STM32CubeIDE_1.14.1/STM32CubeIDE/plugins/com.st.stm32cube.ide.mcu.externaltools.gnu-tools-for-stm32.11.3.rel1.win32_1.1.100.202309141235/tools/bin/../lib/gcc/arm-none-eabi/11.3.1/../../../../arm-none-eabi/bin/ld.exe: F:/CubeIDE/h503_Git/m100-m3-mini-board-stm32f103/examples/28_touch_flash_app/Debug/../BSP/TOUCH/ctiic.c:73: undefined reference to `HAL_GPIO_WritePin'
F:/CubeIDE1.14.1/STM32CubeIDE_1.14.1/STM32CubeIDE/plugins/com.st.stm32cube.ide.mcu.externaltools.gnu-tools-for-stm32.11.3.rel1.win32_1.1.100.202309141235/tools/bin/../lib/gcc/arm-none-eabi/11.3.1/../../../../arm-none-eabi/bin/ld.exe: ./BSP/TOUCH/ctiic.o: in function `ct_iic_stop':
F:/CubeIDE/h503_Git/m100-m3-mini-board-stm32f103/examples/28_touch_flash_app/Debug/../BSP/TOUCH/ctiic.c:84: undefined reference to `HAL_GPIO_WritePin'
F:/CubeIDE1.14.1/STM32CubeIDE_1.14.1/STM32CubeIDE/plugins/com.st.stm32cube.ide.mcu.externaltools.gnu-tools-for-stm32.11.3.rel1.win32_1.1.100.202309141235/tools/bin/../lib/gcc/arm-none-eabi/11.3.1/../../../../arm-none-eabi/bin/ld.exe: ./BSP/TOUCH/ctiic.o:F:/CubeIDE/h503_Git/m100-m3-mini-board-stm32f103/examples/28_touch_flash_app/Debug/../BSP/TOUCH/ctiic.c:86: more undefined references to `HAL_GPIO_WritePin' follow
F:/CubeIDE1.14.1/STM32CubeIDE_1.14.1/STM32CubeIDE/plugins/com.st.stm32cube.ide.mcu.externaltools.gnu-tools-for-stm32.11.3.rel1.win32_1.1.100.202309141235/tools/bin/../lib/gcc/arm-none-eabi/11.3.1/../../../../arm-none-eabi/bin/ld.exe: ./BSP/TOUCH/ctiic.o: in function `ct_iic_wait_ack':
F:/CubeIDE/h503_Git/m100-m3-mini-board-stm32f103/examples/28_touch_flash_app/Debug/../BSP/TOUCH/ctiic.c:109: undefined reference to `HAL_GPIO_ReadPin'
F:/CubeIDE1.14.1/STM32CubeIDE_1.14.1/STM32CubeIDE/plugins/com.st.stm32cube.ide.mcu.externaltools.gnu-tools-for-stm32.11.3.rel1.win32_1.1.100.202309141235/tools/bin/../lib/gcc/arm-none-eabi/11.3.1/../../../../arm-none-eabi/bin/ld.exe: F:/CubeIDE/h503_Git/m100-m3-mini-board-stm32f103/examples/28_touch_flash_app/Debug/../BSP/TOUCH/ctiic.c:120: undefined reference to `HAL_GPIO_WritePin'
F:/CubeIDE1.14.1/STM32CubeIDE_1.14.1/STM32CubeIDE/plugins/com.st.stm32cube.ide.mcu.externaltools.gnu-tools-for-stm32.11.3.rel1.win32_1.1.100.202309141235/tools/bin/../lib/gcc/arm-none-eabi/11.3.1/../../../../arm-none-eabi/bin/ld.exe: ./BSP/TOUCH/ctiic.o: in function `ct_iic_ack':
F:/CubeIDE/h503_Git/m100-m3-mini-board-stm32f103/examples/28_touch_flash_app/Debug/../BSP/TOUCH/ctiic.c:133: undefined reference to `HAL_GPIO_WritePin'
F:/CubeIDE1.14.1/STM32CubeIDE_1.14.1/STM32CubeIDE/plugins/com.st.stm32cube.ide.mcu.externaltools.gnu-tools-for-stm32.11.3.rel1.win32_1.1.100.202309141235/tools/bin/../lib/gcc/arm-none-eabi/11.3.1/../../../../arm-none-eabi/bin/ld.exe: F:/CubeIDE/h503_Git/m100-m3-mini-board-stm32f103/examples/28_touch_flash_app/Debug/../BSP/TOUCH/ctiic.c:135: undefined reference to `HAL_GPIO_WritePin'
F:/CubeIDE1.14.1/STM32CubeIDE_1.14.1/STM32CubeIDE/plugins/com.st.stm32cube.ide.mcu.externaltools.gnu-tools-for-stm32.11.3.rel1.win32_1.1.100.202309141235/tools/bin/../lib/gcc/arm-none-eabi/11.3.1/../../../../arm-none-eabi/bin/ld.exe: F:/CubeIDE/h503_Git/m100-m3-mini-board-stm32f103/examples/28_touch_flash_app/Debug/../BSP/TOUCH/ctiic.c:137: undefined reference to `HAL_GPIO_WritePin'
F:/CubeIDE1.14.1/STM32CubeIDE_1.14.1/STM32CubeIDE/plugins/com.st.stm32cube.ide.mcu.externaltools.gnu-tools-for-stm32.11.3.rel1.win32_1.1.100.202309141235/tools/bin/../lib/gcc/arm-none-eabi/11.3.1/../../../../arm-none-eabi/bin/ld.exe: F:/CubeIDE/h503_Git/m100-m3-mini-board-stm32f103/examples/28_touch_flash_app/Debug/../BSP/TOUCH/ctiic.c:139: undefined reference to `HAL_GPIO_WritePin'
F:/CubeIDE1.14.1/STM32CubeIDE_1.14.1/STM32CubeIDE/plugins/com.st.stm32cube.ide.mcu.externaltools.gnu-tools-for-stm32.11.3.rel1.win32_1.1.100.202309141235/tools/bin/../lib/gcc/arm-none-eabi/11.3.1/../../../../arm-none-eabi/bin/ld.exe: ./BSP/TOUCH/ctiic.o:F:/CubeIDE/h503_Git/m100-m3-mini-board-stm32f103/examples/28_touch_flash_app/Debug/../BSP/TOUCH/ctiic.c:150: more undefined references to `HAL_GPIO_WritePin' follow
F:/CubeIDE1.14.1/STM32CubeIDE_1.14.1/STM32CubeIDE/plugins/com.st.stm32cube.ide.mcu.externaltools.gnu-tools-for-stm32.11.3.rel1.win32_1.1.100.202309141235/tools/bin/../lib/gcc/arm-none-eabi/11.3.1/../../../../arm-none-eabi/bin/ld.exe: ./BSP/TOUCH/ctiic.o: in function `ct_iic_read_byte':
F:/CubeIDE/h503_Git/m100-m3-mini-board-stm32f103/examples/28_touch_flash_app/Debug/../BSP/TOUCH/ctiic.c:198: undefined reference to `HAL_GPIO_ReadPin'
F:/CubeIDE1.14.1/STM32CubeIDE_1.14.1/STM32CubeIDE/plugins/com.st.stm32cube.ide.mcu.externaltools.gnu-tools-for-stm32.11.3.rel1.win32_1.1.100.202309141235/tools/bin/../lib/gcc/arm-none-eabi/11.3.1/../../../../arm-none-eabi/bin/ld.exe: F:/CubeIDE/h503_Git/m100-m3-mini-board-stm32f103/examples/28_touch_flash_app/Debug/../BSP/TOUCH/ctiic.c:203: undefined reference to `HAL_GPIO_WritePin'
F:/CubeIDE1.14.1/STM32CubeIDE_1.14.1/STM32CubeIDE/plugins/com.st.stm32cube.ide.mcu.externaltools.gnu-tools-for-stm32.11.3.rel1.win32_1.1.100.202309141235/tools/bin/../lib/gcc/arm-none-eabi/11.3.1/../../../../arm-none-eabi/bin/ld.exe: ./BSP/TOUCH/ft5206.o: in function `ft5206_init':
F:/CubeIDE/h503_Git/m100-m3-mini-board-stm32f103/examples/28_touch_flash_app/Debug/../BSP/TOUCH/ft5206.c:107: undefined reference to `HAL_GPIO_Init'
F:/CubeIDE1.14.1/STM32CubeIDE_1.14.1/STM32CubeIDE/plugins/com.st.stm32cube.ide.mcu.externaltools.gnu-tools-for-stm32.11.3.rel1.win32_1.1.100.202309141235/tools/bin/../lib/gcc/arm-none-eabi/11.3.1/../../../../arm-none-eabi/bin/ld.exe: F:/CubeIDE/h503_Git/m100-m3-mini-board-stm32f103/examples/28_touch_flash_app/Debug/../BSP/TOUCH/ft5206.c:113: undefined reference to `HAL_GPIO_Init'
F:/CubeIDE1.14.1/STM32CubeIDE_1.14.1/STM32CubeIDE/plugins/com.st.stm32cube.ide.mcu.externaltools.gnu-tools-for-stm32.11.3.rel1.win32_1.1.100.202309141235/tools/bin/../lib/gcc/arm-none-eabi/11.3.1/../../../../arm-none-eabi/bin/ld.exe: F:/CubeIDE/h503_Git/m100-m3-mini-board-stm32f103/examples/28_touch_flash_app/Debug/../BSP/TOUCH/ft5206.c:117: undefined reference to `HAL_GPIO_WritePin'
F:/CubeIDE1.14.1/STM32CubeIDE_1.14.1/STM32CubeIDE/plugins/com.st.stm32cube.ide.mcu.externaltools.gnu-tools-for-stm32.11.3.rel1.win32_1.1.100.202309141235/tools/bin/../lib/gcc/arm-none-eabi/11.3.1/../../../../arm-none-eabi/bin/ld.exe: F:/CubeIDE/h503_Git/m100-m3-mini-board-stm32f103/examples/28_touch_flash_app/Debug/../BSP/TOUCH/ft5206.c:118: undefined reference to `HAL_Delay'
F:/CubeIDE1.14.1/STM32CubeIDE_1.14.1/STM32CubeIDE/plugins/com.st.stm32cube.ide.mcu.externaltools.gnu-tools-for-stm32.11.3.rel1.win32_1.1.100.202309141235/tools/bin/../lib/gcc/arm-none-eabi/11.3.1/../../../../arm-none-eabi/bin/ld.exe: F:/CubeIDE/h503_Git/m100-m3-mini-board-stm32f103/examples/28_touch_flash_app/Debug/../BSP/TOUCH/ft5206.c:119: undefined reference to `HAL_GPIO_WritePin'
F:/CubeIDE1.14.1/STM32CubeIDE_1.14.1/STM32CubeIDE/plugins/com.st.stm32cube.ide.mcu.externaltools.gnu-tools-for-stm32.11.3.rel1.win32_1.1.100.202309141235/tools/bin/../lib/gcc/arm-none-eabi/11.3.1/../../../../arm-none-eabi/bin/ld.exe: F:/CubeIDE/h503_Git/m100-m3-mini-board-stm32f103/examples/28_touch_flash_app/Debug/../BSP/TOUCH/ft5206.c:120: undefined reference to `HAL_Delay'
F:/CubeIDE1.14.1/STM32CubeIDE_1.14.1/STM32CubeIDE/plugins/com.st.stm32cube.ide.mcu.externaltools.gnu-tools-for-stm32.11.3.rel1.win32_1.1.100.202309141235/tools/bin/../lib/gcc/arm-none-eabi/11.3.1/../../../../arm-none-eabi/bin/ld.exe: ./BSP/TOUCH/ft5206.o: in function `ft5206_scan':
F:/CubeIDE/h503_Git/m100-m3-mini-board-stm32f103/examples/28_touch_flash_app/Debug/../BSP/TOUCH/ft5206.c:178: undefined reference to `HAL_Delay'
F:/CubeIDE1.14.1/STM32CubeIDE_1.14.1/STM32CubeIDE/plugins/com.st.stm32cube.ide.mcu.externaltools.gnu-tools-for-stm32.11.3.rel1.win32_1.1.100.202309141235/tools/bin/../lib/gcc/arm-none-eabi/11.3.1/../../../../arm-none-eabi/bin/ld.exe: ./BSP/TOUCH/gt9xxx.o: in function `gt9xxx_init':
F:/CubeIDE/h503_Git/m100-m3-mini-board-stm32f103/examples/28_touch_flash_app/Debug/../BSP/TOUCH/gt9xxx.c:117: undefined reference to `HAL_GPIO_Init'
F:/CubeIDE1.14.1/STM32CubeIDE_1.14.1/STM32CubeIDE/plugins/com.st.stm32cube.ide.mcu.externaltools.gnu-tools-for-stm32.11.3.rel1.win32_1.1.100.202309141235/tools/bin/../lib/gcc/arm-none-eabi/11.3.1/../../../../arm-none-eabi/bin/ld.exe: F:/CubeIDE/h503_Git/m100-m3-mini-board-stm32f103/examples/28_touch_flash_app/Debug/../BSP/TOUCH/gt9xxx.c:123: undefined reference to `HAL_GPIO_Init'
F:/CubeIDE1.14.1/STM32CubeIDE_1.14.1/STM32CubeIDE/plugins/com.st.stm32cube.ide.mcu.externaltools.gnu-tools-for-stm32.11.3.rel1.win32_1.1.100.202309141235/tools/bin/../lib/gcc/arm-none-eabi/11.3.1/../../../../arm-none-eabi/bin/ld.exe: F:/CubeIDE/h503_Git/m100-m3-mini-board-stm32f103/examples/28_touch_flash_app/Debug/../BSP/TOUCH/gt9xxx.c:129: undefined reference to `HAL_GPIO_WritePin'
F:/CubeIDE1.14.1/STM32CubeIDE_1.14.1/STM32CubeIDE/plugins/com.st.stm32cube.ide.mcu.externaltools.gnu-tools-for-stm32.11.3.rel1.win32_1.1.100.202309141235/tools/bin/../lib/gcc/arm-none-eabi/11.3.1/../../../../arm-none-eabi/bin/ld.exe: F:/CubeIDE/h503_Git/m100-m3-mini-board-stm32f103/examples/28_touch_flash_app/Debug/../BSP/TOUCH/gt9xxx.c:130: undefined reference to `HAL_Delay'
F:/CubeIDE1.14.1/STM32CubeIDE_1.14.1/STM32CubeIDE/plugins/com.st.stm32cube.ide.mcu.externaltools.gnu-tools-for-stm32.11.3.rel1.win32_1.1.100.202309141235/tools/bin/../lib/gcc/arm-none-eabi/11.3.1/../../../../arm-none-eabi/bin/ld.exe: F:/CubeIDE/h503_Git/m100-m3-mini-board-stm32f103/examples/28_touch_flash_app/Debug/../BSP/TOUCH/gt9xxx.c:131: undefined reference to `HAL_GPIO_WritePin'
F:/CubeIDE1.14.1/STM32CubeIDE_1.14.1/STM32CubeIDE/plugins/com.st.stm32cube.ide.mcu.externaltools.gnu-tools-for-stm32.11.3.rel1.win32_1.1.100.202309141235/tools/bin/../lib/gcc/arm-none-eabi/11.3.1/../../../../arm-none-eabi/bin/ld.exe: F:/CubeIDE/h503_Git/m100-m3-mini-board-stm32f103/examples/28_touch_flash_app/Debug/../BSP/TOUCH/gt9xxx.c:132: undefined reference to `HAL_Delay'
F:/CubeIDE1.14.1/STM32CubeIDE_1.14.1/STM32CubeIDE/plugins/com.st.stm32cube.ide.mcu.externaltools.gnu-tools-for-stm32.11.3.rel1.win32_1.1.100.202309141235/tools/bin/../lib/gcc/arm-none-eabi/11.3.1/../../../../arm-none-eabi/bin/ld.exe: F:/CubeIDE/h503_Git/m100-m3-mini-board-stm32f103/examples/28_touch_flash_app/Debug/../BSP/TOUCH/gt9xxx.c:138: undefined reference to `HAL_GPIO_Init'
F:/CubeIDE1.14.1/STM32CubeIDE_1.14.1/STM32CubeIDE/plugins/com.st.stm32cube.ide.mcu.externaltools.gnu-tools-for-stm32.11.3.rel1.win32_1.1.100.202309141235/tools/bin/../lib/gcc/arm-none-eabi/11.3.1/../../../../arm-none-eabi/bin/ld.exe: F:/CubeIDE/h503_Git/m100-m3-mini-board-stm32f103/examples/28_touch_flash_app/Debug/../BSP/TOUCH/gt9xxx.c:140: undefined reference to `HAL_Delay'
F:/CubeIDE1.14.1/STM32CubeIDE_1.14.1/STM32CubeIDE/plugins/com.st.stm32cube.ide.mcu.externaltools.gnu-tools-for-stm32.11.3.rel1.win32_1.1.100.202309141235/tools/bin/../lib/gcc/arm-none-eabi/11.3.1/../../../../arm-none-eabi/bin/ld.exe: F:/CubeIDE/h503_Git/m100-m3-mini-board-stm32f103/examples/28_touch_flash_app/Debug/../BSP/TOUCH/gt9xxx.c:159: undefined reference to `HAL_Delay'
F:/CubeIDE1.14.1/STM32CubeIDE_1.14.1/STM32CubeIDE/plugins/com.st.stm32cube.ide.mcu.externaltools.gnu-tools-for-stm32.11.3.rel1.win32_1.1.100.202309141235/tools/bin/../lib/gcc/arm-none-eabi/11.3.1/../../../../arm-none-eabi/bin/ld.exe: ./BSP/TOUCH/touch.o: in function `tp_write_byte':
F:/CubeIDE/h503_Git/m100-m3-mini-board-stm32f103/examples/28_touch_flash_app/Debug/../BSP/TOUCH/touch.c:59: undefined reference to `HAL_GPIO_WritePin'
F:/CubeIDE1.14.1/STM32CubeIDE_1.14.1/STM32CubeIDE/plugins/com.st.stm32cube.ide.mcu.externaltools.gnu-tools-for-stm32.11.3.rel1.win32_1.1.100.202309141235/tools/bin/../lib/gcc/arm-none-eabi/11.3.1/../../../../arm-none-eabi/bin/ld.exe: F:/CubeIDE/h503_Git/m100-m3-mini-board-stm32f103/examples/28_touch_flash_app/Debug/../BSP/TOUCH/touch.c:63: undefined reference to `HAL_GPIO_WritePin'
F:/CubeIDE1.14.1/STM32CubeIDE_1.14.1/STM32CubeIDE/plugins/com.st.stm32cube.ide.mcu.externaltools.gnu-tools-for-stm32.11.3.rel1.win32_1.1.100.202309141235/tools/bin/../lib/gcc/arm-none-eabi/11.3.1/../../../../arm-none-eabi/bin/ld.exe: F:/CubeIDE/h503_Git/m100-m3-mini-board-stm32f103/examples/28_touch_flash_app/Debug/../BSP/TOUCH/touch.c:67: undefined reference to `HAL_GPIO_WritePin'
F:/CubeIDE1.14.1/STM32CubeIDE_1.14.1/STM32CubeIDE/plugins/com.st.stm32cube.ide.mcu.externaltools.gnu-tools-for-stm32.11.3.rel1.win32_1.1.100.202309141235/tools/bin/../lib/gcc/arm-none-eabi/11.3.1/../../../../arm-none-eabi/bin/ld.exe: F:/CubeIDE/h503_Git/m100-m3-mini-board-stm32f103/examples/28_touch_flash_app/Debug/../BSP/TOUCH/touch.c:69: undefined reference to `HAL_GPIO_WritePin'
F:/CubeIDE1.14.1/STM32CubeIDE_1.14.1/STM32CubeIDE/plugins/com.st.stm32cube.ide.mcu.externaltools.gnu-tools-for-stm32.11.3.rel1.win32_1.1.100.202309141235/tools/bin/../lib/gcc/arm-none-eabi/11.3.1/../../../../arm-none-eabi/bin/ld.exe: ./BSP/TOUCH/touch.o: in function `tp_read_ad':
F:/CubeIDE/h503_Git/m100-m3-mini-board-stm32f103/examples/28_touch_flash_app/Debug/../BSP/TOUCH/touch.c:83: undefined reference to `HAL_GPIO_WritePin'
F:/CubeIDE1.14.1/STM32CubeIDE_1.14.1/STM32CubeIDE/plugins/com.st.stm32cube.ide.mcu.externaltools.gnu-tools-for-stm32.11.3.rel1.win32_1.1.100.202309141235/tools/bin/../lib/gcc/arm-none-eabi/11.3.1/../../../../arm-none-eabi/bin/ld.exe: ./BSP/TOUCH/touch.o:F:/CubeIDE/h503_Git/m100-m3-mini-board-stm32f103/examples/28_touch_flash_app/Debug/../BSP/TOUCH/touch.c:84: more undefined references to `HAL_GPIO_WritePin' follow
F:/CubeIDE1.14.1/STM32CubeIDE_1.14.1/STM32CubeIDE/plugins/com.st.stm32cube.ide.mcu.externaltools.gnu-tools-for-stm32.11.3.rel1.win32_1.1.100.202309141235/tools/bin/../lib/gcc/arm-none-eabi/11.3.1/../../../../arm-none-eabi/bin/ld.exe: ./BSP/TOUCH/touch.o: in function `tp_read_ad':
F:/CubeIDE/h503_Git/m100-m3-mini-board-stm32f103/examples/28_touch_flash_app/Debug/../BSP/TOUCH/touch.c:100: undefined reference to `HAL_GPIO_ReadPin'
F:/CubeIDE1.14.1/STM32CubeIDE_1.14.1/STM32CubeIDE/plugins/com.st.stm32cube.ide.mcu.externaltools.gnu-tools-for-stm32.11.3.rel1.win32_1.1.100.202309141235/tools/bin/../lib/gcc/arm-none-eabi/11.3.1/../../../../arm-none-eabi/bin/ld.exe: F:/CubeIDE/h503_Git/m100-m3-mini-board-stm32f103/examples/28_touch_flash_app/Debug/../BSP/TOUCH/touch.c:107: undefined reference to `HAL_GPIO_WritePin'
F:/CubeIDE1.14.1/STM32CubeIDE_1.14.1/STM32CubeIDE/plugins/com.st.stm32cube.ide.mcu.externaltools.gnu-tools-for-stm32.11.3.rel1.win32_1.1.100.202309141235/tools/bin/../lib/gcc/arm-none-eabi/11.3.1/../../../../arm-none-eabi/bin/ld.exe: ./BSP/TOUCH/touch.o: in function `tp_scan':
F:/CubeIDE/h503_Git/m100-m3-mini-board-stm32f103/examples/28_touch_flash_app/Debug/../BSP/TOUCH/touch.c:262: undefined reference to `HAL_GPIO_ReadPin'
F:/CubeIDE1.14.1/STM32CubeIDE_1.14.1/STM32CubeIDE/plugins/com.st.stm32cube.ide.mcu.externaltools.gnu-tools-for-stm32.11.3.rel1.win32_1.1.100.202309141235/tools/bin/../lib/gcc/arm-none-eabi/11.3.1/../../../../arm-none-eabi/bin/ld.exe: ./BSP/TOUCH/touch.o: in function `tp_adjust':
F:/CubeIDE/h503_Git/m100-m3-mini-board-stm32f103/examples/28_touch_flash_app/Debug/../BSP/TOUCH/touch.c:473: undefined reference to `HAL_Delay'
F:/CubeIDE1.14.1/STM32CubeIDE_1.14.1/STM32CubeIDE/plugins/com.st.stm32cube.ide.mcu.externaltools.gnu-tools-for-stm32.11.3.rel1.win32_1.1.100.202309141235/tools/bin/../lib/gcc/arm-none-eabi/11.3.1/../../../../arm-none-eabi/bin/ld.exe: F:/CubeIDE/h503_Git/m100-m3-mini-board-stm32f103/examples/28_touch_flash_app/Debug/../BSP/TOUCH/touch.c:482: undefined reference to `HAL_Delay'
F:/CubeIDE1.14.1/STM32CubeIDE_1.14.1/STM32CubeIDE/plugins/com.st.stm32cube.ide.mcu.externaltools.gnu-tools-for-stm32.11.3.rel1.win32_1.1.100.202309141235/tools/bin/../lib/gcc/arm-none-eabi/11.3.1/../../../../arm-none-eabi/bin/ld.exe: ./BSP/TOUCH/touch.o: in function `tp_init':
F:/CubeIDE/h503_Git/m100-m3-mini-board-stm32f103/examples/28_touch_flash_app/Debug/../BSP/TOUCH/touch.c:544: undefined reference to `HAL_GPIO_Init'
F:/CubeIDE1.14.1/STM32CubeIDE_1.14.1/STM32CubeIDE/plugins/com.st.stm32cube.ide.mcu.externaltools.gnu-tools-for-stm32.11.3.rel1.win32_1.1.100.202309141235/tools/bin/../lib/gcc/arm-none-eabi/11.3.1/../../../../arm-none-eabi/bin/ld.exe: F:/CubeIDE/h503_Git/m100-m3-mini-board-stm32f103/examples/28_touch_flash_app/Debug/../BSP/TOUCH/touch.c:550: undefined reference to `HAL_GPIO_Init'
F:/CubeIDE1.14.1/STM32CubeIDE_1.14.1/STM32CubeIDE/plugins/com.st.stm32cube.ide.mcu.externaltools.gnu-tools-for-stm32.11.3.rel1.win32_1.1.100.202309141235/tools/bin/../lib/gcc/arm-none-eabi/11.3.1/../../../../arm-none-eabi/bin/ld.exe: F:/CubeIDE/h503_Git/m100-m3-mini-board-stm32f103/examples/28_touch_flash_app/Debug/../BSP/TOUCH/touch.c:556: undefined reference to `HAL_GPIO_Init'
F:/CubeIDE1.14.1/STM32CubeIDE_1.14.1/STM32CubeIDE/plugins/com.st.stm32cube.ide.mcu.externaltools.gnu-tools-for-stm32.11.3.rel1.win32_1.1.100.202309141235/tools/bin/../lib/gcc/arm-none-eabi/11.3.1/../../../../arm-none-eabi/bin/ld.exe: F:/CubeIDE/h503_Git/m100-m3-mini-board-stm32f103/examples/28_touch_flash_app/Debug/../BSP/TOUCH/touch.c:562: undefined reference to `HAL_GPIO_Init'
F:/CubeIDE1.14.1/STM32CubeIDE_1.14.1/STM32CubeIDE/plugins/com.st.stm32cube.ide.mcu.externaltools.gnu-tools-for-stm32.11.3.rel1.win32_1.1.100.202309141235/tools/bin/../lib/gcc/arm-none-eabi/11.3.1/../../../../arm-none-eabi/bin/ld.exe: F:/CubeIDE/h503_Git/m100-m3-mini-board-stm32f103/examples/28_touch_flash_app/Debug/../BSP/TOUCH/touch.c:568: undefined reference to `HAL_GPIO_Init'
F:/CubeIDE1.14.1/STM32CubeIDE_1.14.1/STM32CubeIDE/plugins/com.st.stm32cube.ide.mcu.externaltools.gnu-tools-for-stm32.11.3.rel1.win32_1.1.100.202309141235/tools/bin/../lib/gcc/arm-none-eabi/11.3.1/../../../../arm-none-eabi/bin/ld.exe: ./Core/Src/fsmc.o: in function `MX_FSMC_Init':
F:/CubeIDE/h503_Git/m100-m3-mini-board-stm32f103/examples/28_touch_flash_app/Debug/../Core/Src/fsmc.c:79: undefined reference to `HAL_SRAM_Init'
F:/CubeIDE1.14.1/STM32CubeIDE_1.14.1/STM32CubeIDE/plugins/com.st.stm32cube.ide.mcu.externaltools.gnu-tools-for-stm32.11.3.rel1.win32_1.1.100.202309141235/tools/bin/../lib/gcc/arm-none-eabi/11.3.1/../../../../arm-none-eabi/bin/ld.exe: ./Core/Src/gpio.o: in function `MX_GPIO_Init':
F:/CubeIDE/h503_Git/m100-m3-mini-board-stm32f103/examples/28_touch_flash_app/Debug/../Core/Src/gpio.c:55: undefined reference to `HAL_GPIO_WritePin'
F:/CubeIDE1.14.1/STM32CubeIDE_1.14.1/STM32CubeIDE/plugins/com.st.stm32cube.ide.mcu.externaltools.gnu-tools-for-stm32.11.3.rel1.win32_1.1.100.202309141235/tools/bin/../lib/gcc/arm-none-eabi/11.3.1/../../../../arm-none-eabi/bin/ld.exe: F:/CubeIDE/h503_Git/m100-m3-mini-board-stm32f103/examples/28_touch_flash_app/Debug/../Core/Src/gpio.c:58: undefined reference to `HAL_GPIO_WritePin'
F:/CubeIDE1.14.1/STM32CubeIDE_1.14.1/STM32CubeIDE/plugins/com.st.stm32cube.ide.mcu.externaltools.gnu-tools-for-stm32.11.3.rel1.win32_1.1.100.202309141235/tools/bin/../lib/gcc/arm-none-eabi/11.3.1/../../../../arm-none-eabi/bin/ld.exe: F:/CubeIDE/h503_Git/m100-m3-mini-board-stm32f103/examples/28_touch_flash_app/Debug/../Core/Src/gpio.c:65: undefined reference to `HAL_GPIO_Init'
F:/CubeIDE1.14.1/STM32CubeIDE_1.14.1/STM32CubeIDE/plugins/com.st.stm32cube.ide.mcu.externaltools.gnu-tools-for-stm32.11.3.rel1.win32_1.1.100.202309141235/tools/bin/../lib/gcc/arm-none-eabi/11.3.1/../../../../arm-none-eabi/bin/ld.exe: F:/CubeIDE/h503_Git/m100-m3-mini-board-stm32f103/examples/28_touch_flash_app/Debug/../Core/Src/gpio.c:71: undefined reference to `HAL_GPIO_Init'
F:/CubeIDE1.14.1/STM32CubeIDE_1.14.1/STM32CubeIDE/plugins/com.st.stm32cube.ide.mcu.externaltools.gnu-tools-for-stm32.11.3.rel1.win32_1.1.100.202309141235/tools/bin/../lib/gcc/arm-none-eabi/11.3.1/../../../../arm-none-eabi/bin/ld.exe: F:/CubeIDE/h503_Git/m100-m3-mini-board-stm32f103/examples/28_touch_flash_app/Debug/../Core/Src/gpio.c:78: undefined reference to `HAL_GPIO_Init'
F:/CubeIDE1.14.1/STM32CubeIDE_1.14.1/STM32CubeIDE/plugins/com.st.stm32cube.ide.mcu.externaltools.gnu-tools-for-stm32.11.3.rel1.win32_1.1.100.202309141235/tools/bin/../lib/gcc/arm-none-eabi/11.3.1/../../../../arm-none-eabi/bin/ld.exe: ./Core/Src/main.o: in function `rtp_test':
F:/CubeIDE/h503_Git/m100-m3-mini-board-stm32f103/examples/28_touch_flash_app/Debug/../Core/Src/main.c:158: undefined reference to `HAL_Delay'
F:/CubeIDE1.14.1/STM32CubeIDE_1.14.1/STM32CubeIDE/plugins/com.st.stm32cube.ide.mcu.externaltools.gnu-tools-for-stm32.11.3.rel1.win32_1.1.100.202309141235/tools/bin/../lib/gcc/arm-none-eabi/11.3.1/../../../../arm-none-eabi/bin/ld.exe: F:/CubeIDE/h503_Git/m100-m3-mini-board-stm32f103/examples/28_touch_flash_app/Debug/../Core/Src/main.c:171: undefined reference to `HAL_GPIO_TogglePin'
F:/CubeIDE1.14.1/STM32CubeIDE_1.14.1/STM32CubeIDE/plugins/com.st.stm32cube.ide.mcu.externaltools.gnu-tools-for-stm32.11.3.rel1.win32_1.1.100.202309141235/tools/bin/../lib/gcc/arm-none-eabi/11.3.1/../../../../arm-none-eabi/bin/ld.exe: ./Core/Src/main.o: in function `ctp_test':
F:/CubeIDE/h503_Git/m100-m3-mini-board-stm32f103/examples/28_touch_flash_app/Debug/../Core/Src/main.c:224: undefined reference to `HAL_Delay'
F:/CubeIDE1.14.1/STM32CubeIDE_1.14.1/STM32CubeIDE/plugins/com.st.stm32cube.ide.mcu.externaltools.gnu-tools-for-stm32.11.3.rel1.win32_1.1.100.202309141235/tools/bin/../lib/gcc/arm-none-eabi/11.3.1/../../../../arm-none-eabi/bin/ld.exe: F:/CubeIDE/h503_Git/m100-m3-mini-board-stm32f103/examples/28_touch_flash_app/Debug/../Core/Src/main.c:227: undefined reference to `HAL_GPIO_TogglePin'
F:/CubeIDE1.14.1/STM32CubeIDE_1.14.1/STM32CubeIDE/plugins/com.st.stm32cube.ide.mcu.externaltools.gnu-tools-for-stm32.11.3.rel1.win32_1.1.100.202309141235/tools/bin/../lib/gcc/arm-none-eabi/11.3.1/../../../../arm-none-eabi/bin/ld.exe: ./Core/Src/main.o: in function `main':
F:/CubeIDE/h503_Git/m100-m3-mini-board-stm32f103/examples/28_touch_flash_app/Debug/../Core/Src/main.c:300: undefined reference to `HAL_Init'
F:/CubeIDE1.14.1/STM32CubeIDE_1.14.1/STM32CubeIDE/plugins/com.st.stm32cube.ide.mcu.externaltools.gnu-tools-for-stm32.11.3.rel1.win32_1.1.100.202309141235/tools/bin/../lib/gcc/arm-none-eabi/11.3.1/../../../../arm-none-eabi/bin/ld.exe: F:/CubeIDE/h503_Git/m100-m3-mini-board-stm32f103/examples/28_touch_flash_app/Debug/../Core/Src/main.c:330: undefined reference to `HAL_Delay'
F:/CubeIDE1.14.1/STM32CubeIDE_1.14.1/STM32CubeIDE/plugins/com.st.stm32cube.ide.mcu.externaltools.gnu-tools-for-stm32.11.3.rel1.win32_1.1.100.202309141235/tools/bin/../lib/gcc/arm-none-eabi/11.3.1/../../../../arm-none-eabi/bin/ld.exe: F:/CubeIDE/h503_Git/m100-m3-mini-board-stm32f103/examples/28_touch_flash_app/Debug/../Core/Src/main.c:347: undefined reference to `HAL_Delay'
F:/CubeIDE1.14.1/STM32CubeIDE_1.14.1/STM32CubeIDE/plugins/com.st.stm32cube.ide.mcu.externaltools.gnu-tools-for-stm32.11.3.rel1.win32_1.1.100.202309141235/tools/bin/../lib/gcc/arm-none-eabi/11.3.1/../../../../arm-none-eabi/bin/ld.exe: ./Core/Src/main.o: in function `SystemClock_Config':
F:/CubeIDE/h503_Git/m100-m3-mini-board-stm32f103/examples/28_touch_flash_app/Debug/../Core/Src/main.c:374: undefined reference to `HAL_RCC_OscConfig'
F:/CubeIDE1.14.1/STM32CubeIDE_1.14.1/STM32CubeIDE/plugins/com.st.stm32cube.ide.mcu.externaltools.gnu-tools-for-stm32.11.3.rel1.win32_1.1.100.202309141235/tools/bin/../lib/gcc/arm-none-eabi/11.3.1/../../../../arm-none-eabi/bin/ld.exe: F:/CubeIDE/h503_Git/m100-m3-mini-board-stm32f103/examples/28_touch_flash_app/Debug/../Core/Src/main.c:388: undefined reference to `HAL_RCC_ClockConfig'
F:/CubeIDE1.14.1/STM32CubeIDE_1.14.1/STM32CubeIDE/plugins/com.st.stm32cube.ide.mcu.externaltools.gnu-tools-for-stm32.11.3.rel1.win32_1.1.100.202309141235/tools/bin/../lib/gcc/arm-none-eabi/11.3.1/../../../../arm-none-eabi/bin/ld.exe: ./Core/Src/stm32f1xx_it.o: in function `SysTick_Handler':
F:/CubeIDE/h503_Git/m100-m3-mini-board-stm32f103/examples/28_touch_flash_app/Debug/../Core/Src/stm32f1xx_it.c:188: undefined reference to `HAL_IncTick'
F:/CubeIDE1.14.1/STM32CubeIDE_1.14.1/STM32CubeIDE/plugins/com.st.stm32cube.ide.mcu.externaltools.gnu-tools-for-stm32.11.3.rel1.win32_1.1.100.202309141235/tools/bin/../lib/gcc/arm-none-eabi/11.3.1/../../../../arm-none-eabi/bin/ld.exe: ./Core/Src/stm32f1xx_it.o: in function `USART1_IRQHandler':
F:/CubeIDE/h503_Git/m100-m3-mini-board-stm32f103/examples/28_touch_flash_app/Debug/../Core/Src/stm32f1xx_it.c:209: undefined reference to `HAL_UART_IRQHandler'
F:/CubeIDE1.14.1/STM32CubeIDE_1.14.1/STM32CubeIDE/plugins/com.st.stm32cube.ide.mcu.externaltools.gnu-tools-for-stm32.11.3.rel1.win32_1.1.100.202309141235/tools/bin/../lib/gcc/arm-none-eabi/11.3.1/../../../../arm-none-eabi/bin/ld.exe: ./Core/Src/usart.o: in function `__io_putchar':
F:/CubeIDE/h503_Git/m100-m3-mini-board-stm32f103/examples/28_touch_flash_app/Debug/../Core/Src/usart.c:33: undefined reference to `HAL_UART_Transmit'
F:/CubeIDE1.14.1/STM32CubeIDE_1.14.1/STM32CubeIDE/plugins/com.st.stm32cube.ide.mcu.externaltools.gnu-tools-for-stm32.11.3.rel1.win32_1.1.100.202309141235/tools/bin/../lib/gcc/arm-none-eabi/11.3.1/../../../../arm-none-eabi/bin/ld.exe: ./Core/Src/usart.o: in function `MX_USART1_UART_Init':
F:/CubeIDE/h503_Git/m100-m3-mini-board-stm32f103/examples/28_touch_flash_app/Debug/../Core/Src/usart.c:72: undefined reference to `HAL_UART_Init'
F:/CubeIDE1.14.1/STM32CubeIDE_1.14.1/STM32CubeIDE/plugins/com.st.stm32cube.ide.mcu.externaltools.gnu-tools-for-stm32.11.3.rel1.win32_1.1.100.202309141235/tools/bin/../lib/gcc/arm-none-eabi/11.3.1/../../../../arm-none-eabi/bin/ld.exe: F:/CubeIDE/h503_Git/m100-m3-mini-board-stm32f103/examples/28_touch_flash_app/Debug/../Core/Src/usart.c:79: undefined reference to `HAL_UART_Receive_IT'
collect2.exe: error: ld returned 1 exit status
make: *** [makefile:73: 28_touch_flash_app.elf] Error 1
"make -j16 all" terminated with exit code 2. Build might be incomplete.

19:07:16 Build Failed. 101 errors, 0 warnings. (took 1s.133ms)

